<?xml version="1.0" encoding="UTF-8"?>
<coverage generated="1741315765008" clover="3.2.0">
  <project timestamp="1741315765008" name="All files">
    <metrics statements="84" coveredstatements="75" conditionals="7" coveredconditionals="6" methods="23" coveredmethods="22" elements="114" coveredelements="103" complexity="0" loc="84" ncloc="84" packages="1" files="5" classes="5"/>
    <file name="CreateBracket.jsx" path="/Users/bokhari/Development/CS678/BracketMaster/frontend/src/pages/CreateBracket.jsx">
      <metrics statements="18" coveredstatements="11" conditionals="0" coveredconditionals="0" methods="6" coveredmethods="5"/>
      <line num="5" count="1" type="stmt"/>
      <line num="7" count="6" type="stmt"/>
      <line num="8" count="6" type="stmt"/>
      <line num="9" count="6" type="stmt"/>
      <line num="10" count="6" type="stmt"/>
      <line num="13" count="6" type="stmt"/>
      <line num="14" count="0" type="stmt"/>
      <line num="16" count="0" type="stmt"/>
      <line num="23" count="0" type="stmt"/>
      <line num="24" count="0" type="stmt"/>
      <line num="28" count="0" type="stmt"/>
      <line num="30" count="0" type="stmt"/>
      <line num="31" count="0" type="stmt"/>
      <line num="37" count="6" type="stmt"/>
      <line num="45" count="1" type="stmt"/>
      <line num="52" count="1" type="stmt"/>
      <line num="59" count="1" type="stmt"/>
      <line num="66" count="1" type="stmt"/>
    </file>
    <file name="CreateTeam.jsx" path="/Users/bokhari/Development/CS678/BracketMaster/frontend/src/pages/CreateTeam.jsx">
      <metrics statements="20" coveredstatements="20" conditionals="0" coveredconditionals="0" methods="7" coveredmethods="7"/>
      <line num="5" count="1" type="stmt"/>
      <line num="7" count="14" type="stmt"/>
      <line num="8" count="14" type="stmt"/>
      <line num="9" count="14" type="stmt"/>
      <line num="10" count="14" type="stmt"/>
      <line num="11" count="14" type="stmt"/>
      <line num="14" count="14" type="stmt"/>
      <line num="15" count="2" type="stmt"/>
      <line num="17" count="2" type="stmt"/>
      <line num="25" count="2" type="stmt"/>
      <line num="26" count="2" type="stmt"/>
      <line num="30" count="1" type="stmt"/>
      <line num="32" count="1" type="stmt"/>
      <line num="33" count="1" type="stmt"/>
      <line num="37" count="14" type="stmt"/>
      <line num="45" count="3" type="stmt"/>
      <line num="52" count="2" type="stmt"/>
      <line num="59" count="2" type="stmt"/>
      <line num="66" count="2" type="stmt"/>
      <line num="73" count="2" type="stmt"/>
    </file>
    <file name="Login.jsx" path="/Users/bokhari/Development/CS678/BracketMaster/frontend/src/pages/Login.jsx">
      <metrics statements="15" coveredstatements="15" conditionals="0" coveredconditionals="0" methods="4" coveredmethods="4"/>
      <line num="5" count="1" type="stmt"/>
      <line num="6" count="12" type="stmt"/>
      <line num="7" count="12" type="stmt"/>
      <line num="8" count="12" type="stmt"/>
      <line num="10" count="12" type="stmt"/>
      <line num="11" count="2" type="stmt"/>
      <line num="12" count="2" type="stmt"/>
      <line num="14" count="2" type="stmt"/>
      <line num="15" count="1" type="stmt"/>
      <line num="16" count="1" type="stmt"/>
      <line num="17" count="1" type="stmt"/>
      <line num="19" count="1" type="stmt"/>
      <line num="23" count="12" type="stmt"/>
      <line num="27" count="3" type="stmt"/>
      <line num="28" count="3" type="stmt"/>
    </file>
    <file name="RegisterForm.jsx" path="/Users/bokhari/Development/CS678/BracketMaster/frontend/src/pages/RegisterForm.jsx">
      <metrics statements="19" coveredstatements="17" conditionals="7" coveredconditionals="6" methods="3" coveredmethods="3"/>
      <line num="7" count="1" type="stmt"/>
      <line num="8" count="14" type="stmt"/>
      <line num="14" count="14" type="stmt"/>
      <line num="15" count="9" type="stmt"/>
      <line num="18" count="14" type="stmt"/>
      <line num="19" count="3" type="stmt"/>
      <line num="21" count="3" type="cond" truecount="4" falsecount="1"/>
      <line num="22" count="0" type="stmt"/>
      <line num="23" count="0" type="stmt"/>
      <line num="26" count="3" type="stmt"/>
      <line num="27" count="3" type="stmt"/>
      <line num="35" count="2" type="stmt"/>
      <line num="37" count="2" type="cond" truecount="2" falsecount="0"/>
      <line num="38" count="1" type="stmt"/>
      <line num="39" count="1" type="stmt"/>
      <line num="41" count="1" type="stmt"/>
      <line num="44" count="1" type="stmt"/>
      <line num="45" count="1" type="stmt"/>
      <line num="49" count="14" type="stmt"/>
    </file>
    <file name="RemoveBracket.jsx" path="/Users/bokhari/Development/CS678/BracketMaster/frontend/src/pages/RemoveBracket.jsx">
      <metrics statements="12" coveredstatements="12" conditionals="0" coveredconditionals="0" methods="3" coveredmethods="3"/>
      <line num="5" count="1" type="stmt"/>
      <line num="7" count="6" type="stmt"/>
      <line num="10" count="6" type="stmt"/>
      <line num="11" count="2" type="stmt"/>
      <line num="13" count="2" type="stmt"/>
      <line num="17" count="2" type="stmt"/>
      <line num="18" count="2" type="stmt"/>
      <line num="22" count="1" type="stmt"/>
      <line num="24" count="1" type="stmt"/>
      <line num="25" count="1" type="stmt"/>
      <line num="29" count="6" type="stmt"/>
      <line num="37" count="3" type="stmt"/>
    </file>
  </project>
</coverage>
