{"/Users/bokhari/Development/CS678/BracketMaster/frontend/src/pages/CreateBracket.jsx": {"path":"/Users/bokhari/Development/CS678/BracketMaster/frontend/src/pages/CreateBracket.jsx","statementMap":{"0":{"start":{"line":5,"column":22},"end":{"line":73,"column":1}},"1":{"start":{"line":7,"column":40},"end":{"line":7,"column":52}},"2":{"start":{"line":8,"column":36},"end":{"line":8,"column":48}},"3":{"start":{"line":9,"column":40},"end":{"line":9,"column":52}},"4":{"start":{"line":10,"column":30},"end":{"line":10,"column":42}},"5":{"start":{"line":13,"column":23},"end":{"line":33,"column":3}},"6":{"start":{"line":14,"column":4},"end":{"line":14,"column":23}},"7":{"start":{"line":16,"column":24},"end":{"line":21,"column":5}},"8":{"start":{"line":23,"column":4},"end":{"line":32,"column":5}},"9":{"start":{"line":24,"column":23},"end":{"line":27,"column":7}},"10":{"start":{"line":28,"column":6},"end":{"line":28,"column":45}},"11":{"start":{"line":30,"column":6},"end":{"line":30,"column":54}},"12":{"start":{"line":31,"column":6},"end":{"line":31,"column":41}},"13":{"start":{"line":37,"column":2},"end":{"line":72,"column":4}},"14":{"start":{"line":45,"column":27},"end":{"line":45,"column":57}},"15":{"start":{"line":52,"column":27},"end":{"line":52,"column":55}},"16":{"start":{"line":59,"column":27},"end":{"line":59,"column":57}},"17":{"start":{"line":66,"column":27},"end":{"line":66,"column":52}}},"fnMap":{"0":{"name":"(anonymous_0)","decl":{"start":{"line":5,"column":22},"end":{"line":5,"column":23}},"loc":{"start":{"line":5,"column":28},"end":{"line":73,"column":1}},"line":5},"1":{"name":"(anonymous_1)","decl":{"start":{"line":13,"column":23},"end":{"line":13,"column":24}},"loc":{"start":{"line":13,"column":36},"end":{"line":33,"column":3}},"line":13},"2":{"name":"(anonymous_2)","decl":{"start":{"line":45,"column":20},"end":{"line":45,"column":21}},"loc":{"start":{"line":45,"column":27},"end":{"line":45,"column":57}},"line":45},"3":{"name":"(anonymous_3)","decl":{"start":{"line":52,"column":20},"end":{"line":52,"column":21}},"loc":{"start":{"line":52,"column":27},"end":{"line":52,"column":55}},"line":52},"4":{"name":"(anonymous_4)","decl":{"start":{"line":59,"column":20},"end":{"line":59,"column":21}},"loc":{"start":{"line":59,"column":27},"end":{"line":59,"column":57}},"line":59},"5":{"name":"(anonymous_5)","decl":{"start":{"line":66,"column":20},"end":{"line":66,"column":21}},"loc":{"start":{"line":66,"column":27},"end":{"line":66,"column":52}},"line":66}},"branchMap":{},"s":{"0":1,"1":6,"2":6,"3":6,"4":6,"5":6,"6":0,"7":0,"8":0,"9":0,"10":0,"11":0,"12":0,"13":6,"14":1,"15":1,"16":1,"17":1},"f":{"0":6,"1":0,"2":1,"3":1,"4":1,"5":1},"b":{},"_coverageSchema":"1a1c01bbd47fc00a2c39e90264f33305004495a9","hash":"d788e76a3525046f5b0b54bfc34d1651ab999fbb"}
,"/Users/bokhari/Development/CS678/BracketMaster/frontend/src/pages/Login.jsx": {"path":"/Users/bokhari/Development/CS678/BracketMaster/frontend/src/pages/Login.jsx","statementMap":{"0":{"start":{"line":5,"column":14},"end":{"line":34,"column":1}},"1":{"start":{"line":6,"column":30},"end":{"line":6,"column":42}},"2":{"start":{"line":7,"column":36},"end":{"line":7,"column":48}},"3":{"start":{"line":8,"column":34},"end":{"line":8,"column":46}},"4":{"start":{"line":10,"column":24},"end":{"line":21,"column":5}},"5":{"start":{"line":11,"column":8},"end":{"line":11,"column":27}},"6":{"start":{"line":12,"column":8},"end":{"line":20,"column":9}},"7":{"start":{"line":14,"column":29},"end":{"line":14,"column":97}},"8":{"start":{"line":15,"column":12},"end":{"line":15,"column":63}},"9":{"start":{"line":16,"column":12},"end":{"line":16,"column":44}},"10":{"start":{"line":17,"column":12},"end":{"line":17,"column":45}},"11":{"start":{"line":19,"column":12},"end":{"line":19,"column":47}},"12":{"start":{"line":23,"column":4},"end":{"line":33,"column":6}},"13":{"start":{"line":27,"column":87},"end":{"line":27,"column":111}},"14":{"start":{"line":28,"column":96},"end":{"line":28,"column":123}}},"fnMap":{"0":{"name":"(anonymous_0)","decl":{"start":{"line":5,"column":14},"end":{"line":5,"column":15}},"loc":{"start":{"line":5,"column":20},"end":{"line":34,"column":1}},"line":5},"1":{"name":"(anonymous_1)","decl":{"start":{"line":10,"column":24},"end":{"line":10,"column":25}},"loc":{"start":{"line":10,"column":37},"end":{"line":21,"column":5}},"line":10},"2":{"name":"(anonymous_2)","decl":{"start":{"line":27,"column":80},"end":{"line":27,"column":81}},"loc":{"start":{"line":27,"column":87},"end":{"line":27,"column":111}},"line":27},"3":{"name":"(anonymous_3)","decl":{"start":{"line":28,"column":89},"end":{"line":28,"column":90}},"loc":{"start":{"line":28,"column":96},"end":{"line":28,"column":123}},"line":28}},"branchMap":{},"s":{"0":1,"1":12,"2":12,"3":12,"4":12,"5":2,"6":2,"7":2,"8":1,"9":1,"10":1,"11":1,"12":12,"13":3,"14":3},"f":{"0":12,"1":2,"2":3,"3":3},"b":{},"_coverageSchema":"1a1c01bbd47fc00a2c39e90264f33305004495a9","hash":"8a733a1d41992dd569829072ea2cc4b9b2916836"}
,"/Users/bokhari/Development/CS678/BracketMaster/frontend/src/pages/RegisterForm.jsx": {"path":"/Users/bokhari/Development/CS678/BracketMaster/frontend/src/pages/RegisterForm.jsx","statementMap":{"0":{"start":{"line":7,"column":21},"end":{"line":81,"column":1}},"1":{"start":{"line":8,"column":34},"end":{"line":12,"column":4}},"2":{"start":{"line":14,"column":23},"end":{"line":16,"column":3}},"3":{"start":{"line":15,"column":4},"end":{"line":15,"column":66}},"4":{"start":{"line":18,"column":23},"end":{"line":47,"column":3}},"5":{"start":{"line":19,"column":4},"end":{"line":19,"column":23}},"6":{"start":{"line":21,"column":4},"end":{"line":24,"column":5}},"7":{"start":{"line":22,"column":6},"end":{"line":22,"column":46}},"8":{"start":{"line":23,"column":6},"end":{"line":23,"column":13}},"9":{"start":{"line":26,"column":4},"end":{"line":46,"column":5}},"10":{"start":{"line":27,"column":23},"end":{"line":33,"column":8}},"11":{"start":{"line":35,"column":19},"end":{"line":35,"column":40}},"12":{"start":{"line":37,"column":6},"end":{"line":42,"column":7}},"13":{"start":{"line":38,"column":8},"end":{"line":38,"column":47}},"14":{"start":{"line":39,"column":8},"end":{"line":39,"column":63}},"15":{"start":{"line":41,"column":8},"end":{"line":41,"column":38}},"16":{"start":{"line":44,"column":6},"end":{"line":44,"column":53}},"17":{"start":{"line":45,"column":6},"end":{"line":45,"column":75}},"18":{"start":{"line":49,"column":2},"end":{"line":80,"column":4}}},"fnMap":{"0":{"name":"(anonymous_0)","decl":{"start":{"line":7,"column":21},"end":{"line":7,"column":22}},"loc":{"start":{"line":7,"column":27},"end":{"line":81,"column":1}},"line":7},"1":{"name":"(anonymous_1)","decl":{"start":{"line":14,"column":23},"end":{"line":14,"column":24}},"loc":{"start":{"line":14,"column":30},"end":{"line":16,"column":3}},"line":14},"2":{"name":"(anonymous_2)","decl":{"start":{"line":18,"column":23},"end":{"line":18,"column":24}},"loc":{"start":{"line":18,"column":36},"end":{"line":47,"column":3}},"line":18}},"branchMap":{"0":{"loc":{"start":{"line":21,"column":4},"end":{"line":24,"column":5}},"type":"if","locations":[{"start":{"line":21,"column":4},"end":{"line":24,"column":5}},{"start":{},"end":{}}],"line":21},"1":{"loc":{"start":{"line":21,"column":8},"end":{"line":21,"column":67}},"type":"binary-expr","locations":[{"start":{"line":21,"column":8},"end":{"line":21,"column":26}},{"start":{"line":21,"column":30},"end":{"line":21,"column":48}},{"start":{"line":21,"column":52},"end":{"line":21,"column":67}}],"line":21},"2":{"loc":{"start":{"line":37,"column":6},"end":{"line":42,"column":7}},"type":"if","locations":[{"start":{"line":37,"column":6},"end":{"line":42,"column":7}},{"start":{"line":40,"column":13},"end":{"line":42,"column":7}}],"line":37}},"s":{"0":1,"1":14,"2":14,"3":9,"4":14,"5":3,"6":3,"7":0,"8":0,"9":3,"10":3,"11":2,"12":2,"13":1,"14":1,"15":1,"16":1,"17":1,"18":14},"f":{"0":14,"1":9,"2":3},"b":{"0":[0,3],"1":[3,3,3],"2":[1,1]},"_coverageSchema":"1a1c01bbd47fc00a2c39e90264f33305004495a9","hash":"ffe17591c1624f1ca3940ce251d7185380667a2b"}
}
