TN:
SF:src/pages/CreateBracket.jsx
FN:5,(anonymous_0)
FN:13,(anonymous_1)
FN:45,(anonymous_2)
FN:52,(anonymous_3)
FN:59,(anonymous_4)
FN:66,(anonymous_5)
FNF:6
FNH:5
FNDA:6,(anonymous_0)
FNDA:0,(anonymous_1)
FNDA:1,(anonymous_2)
FNDA:1,(anonymous_3)
FNDA:1,(anonymous_4)
FNDA:1,(anonymous_5)
DA:5,1
DA:7,6
DA:8,6
DA:9,6
DA:10,6
DA:13,6
DA:14,0
DA:16,0
DA:23,0
DA:24,0
DA:28,0
DA:30,0
DA:31,0
DA:37,6
DA:45,1
DA:52,1
DA:59,1
DA:66,1
LF:18
LH:11
BRF:0
BRH:0
end_of_record
TN:
SF:src/pages/Login.jsx
FN:5,(anonymous_0)
FN:10,(anonymous_1)
FN:27,(anonymous_2)
FN:28,(anonymous_3)
FNF:4
FNH:4
FNDA:12,(anonymous_0)
FNDA:2,(anonymous_1)
FNDA:3,(anonymous_2)
FNDA:3,(anonymous_3)
DA:5,1
DA:6,12
DA:7,12
DA:8,12
DA:10,12
DA:11,2
DA:12,2
DA:14,2
DA:15,1
DA:16,1
DA:17,1
DA:19,1
DA:23,12
DA:27,3
DA:28,3
LF:15
LH:15
BRF:0
BRH:0
end_of_record
TN:
SF:src/pages/RegisterForm.jsx
FN:7,(anonymous_0)
FN:14,(anonymous_1)
FN:18,(anonymous_2)
FNF:3
FNH:3
FNDA:14,(anonymous_0)
FNDA:9,(anonymous_1)
FNDA:3,(anonymous_2)
DA:7,1
DA:8,14
DA:14,14
DA:15,9
DA:18,14
DA:19,3
DA:21,3
DA:22,0
DA:23,0
DA:26,3
DA:27,3
DA:35,2
DA:37,2
DA:38,1
DA:39,1
DA:41,1
DA:44,1
DA:45,1
DA:49,14
LF:19
LH:17
BRDA:21,0,0,0
BRDA:21,0,1,3
BRDA:21,1,0,3
BRDA:21,1,1,3
BRDA:21,1,2,3
BRDA:37,2,0,1
BRDA:37,2,1,1
BRF:7
BRH:6
end_of_record
